<?xml version="1.0" encoding="UTF-8"?>
<testng-results ignored="0" total="1" passed="1" failed="0" skipped="0">
  <reporter-output>
  </reporter-output>
  <suite started-at="2024-08-15T10:19:03 IST" name="Default suite" finished-at="2024-08-15T10:19:07 IST" duration-ms="3963">
    <groups>
    </groups>
    <test started-at="2024-08-15T10:19:03 IST" name="Default test" finished-at="2024-08-15T10:19:07 IST" duration-ms="3963">
      <class name="p1.c1">
        <test-method signature="t1()[pri:0, instance:p1.c1@82de64a]" started-at="2024-08-15T10:19:03 IST" name="t1" finished-at="2024-08-15T10:19:07 IST" duration-ms="3877" status="PASS">
          <reporter-output>
          </reporter-output>
        </test-method> <!-- t1 -->
      </class> <!-- p1.c1 -->
    </test> <!-- Default test -->
  </suite> <!-- Default suite -->
</testng-results>
